CRITICAL - 2022-05-24 02:15:51 --> Undefined variable $content
#0 /storage/emulated/0/htdocs/workspace/trading-budify/backend/app/Controllers/Home.php(17): CodeIgniter\Debug\Exceptions->errorHandler(2, 'Undefined varia...', '/storage/emulat...', 17)
#1 /storage/emulated/0/htdocs/workspace/trading-budify/backend/system/CodeIgniter.php(832): App\Controllers\Home->stocks()
#2 /storage/emulated/0/htdocs/workspace/trading-budify/backend/system/CodeIgniter.php(419): CodeIgniter\CodeIgniter->runController(Object(App\Controllers\Home))
#3 /storage/emulated/0/htdocs/workspace/trading-budify/backend/system/CodeIgniter.php(326): CodeIgniter\CodeIgniter->handleRequest(NULL, Object(Config\Cache), false)
#4 /storage/emulated/0/htdocs/workspace/trading-budify/backend/public/index.php(37): CodeIgniter\CodeIgniter->run()
#5 {main}
CRITICAL - 2022-05-24 03:14:16 --> file_get_contents(https://financialmodelingprep.com/api/v4/price-target?symbol=MRNA&amp;apikey=b202b16899d34e9a39be88a25067a031): Failed to open stream: HTTP request failed! HTTP/1.1 403 

#0 [internal function]: CodeIgniter\Debug\Exceptions->errorHandler(2, 'file_get_conten...', '/storage/emulat...', 19)
#1 /storage/emulated/0/htdocs/workspace/trading-budify/backend/app/Controllers/Home.php(19): file_get_contents('https://financi...')
#2 /storage/emulated/0/htdocs/workspace/trading-budify/backend/system/CodeIgniter.php(832): App\Controllers\Home->stocks()
#3 /storage/emulated/0/htdocs/workspace/trading-budify/backend/system/CodeIgniter.php(419): CodeIgniter\CodeIgniter->runController(Object(App\Controllers\Home))
#4 /storage/emulated/0/htdocs/workspace/trading-budify/backend/system/CodeIgniter.php(326): CodeIgniter\CodeIgniter->handleRequest(NULL, Object(Config\Cache), false)
#5 /storage/emulated/0/htdocs/workspace/trading-budify/backend/public/index.php(37): CodeIgniter\CodeIgniter->run()
#6 {main}
CRITICAL - 2022-05-24 03:14:35 --> file_get_contents(https://financialmodelingprep.com/api/v4/price-target?symbol=MRNA&amp;apikey=b202b16899d34e9a39be88a25067a031): Failed to open stream: HTTP request failed! HTTP/1.1 403 

#0 [internal function]: CodeIgniter\Debug\Exceptions->errorHandler(2, 'file_get_conten...', '/storage/emulat...', 19)
#1 /storage/emulated/0/htdocs/workspace/trading-budify/backend/app/Controllers/Home.php(19): file_get_contents('https://financi...')
#2 /storage/emulated/0/htdocs/workspace/trading-budify/backend/system/CodeIgniter.php(832): App\Controllers\Home->stocks()
#3 /storage/emulated/0/htdocs/workspace/trading-budify/backend/system/CodeIgniter.php(419): CodeIgniter\CodeIgniter->runController(Object(App\Controllers\Home))
#4 /storage/emulated/0/htdocs/workspace/trading-budify/backend/system/CodeIgniter.php(326): CodeIgniter\CodeIgniter->handleRequest(NULL, Object(Config\Cache), false)
#5 /storage/emulated/0/htdocs/workspace/trading-budify/backend/public/index.php(37): CodeIgniter\CodeIgniter->run()
#6 {main}
CRITICAL - 2022-05-24 03:43:11 --> Undefined variable $JsonParser
#0 /storage/emulated/0/htdocs/workspace/trading-budify/backend/app/Controllers/Home.php(15): CodeIgniter\Debug\Exceptions->errorHandler(2, 'Undefined varia...', '/storage/emulat...', 15)
#1 /storage/emulated/0/htdocs/workspace/trading-budify/backend/system/CodeIgniter.php(832): App\Controllers\Home->crypto()
#2 /storage/emulated/0/htdocs/workspace/trading-budify/backend/system/CodeIgniter.php(419): CodeIgniter\CodeIgniter->runController(Object(App\Controllers\Home))
#3 /storage/emulated/0/htdocs/workspace/trading-budify/backend/system/CodeIgniter.php(326): CodeIgniter\CodeIgniter->handleRequest(NULL, Object(Config\Cache), false)
#4 /storage/emulated/0/htdocs/workspace/trading-budify/backend/public/index.php(37): CodeIgniter\CodeIgniter->run()
#5 {main}
CRITICAL - 2022-05-24 03:49:02 --> Undefined variable $JsonParser
#0 /storage/emulated/0/htdocs/workspace/trading-budify/backend/app/Controllers/Home.php(15): CodeIgniter\Debug\Exceptions->errorHandler(2, 'Undefined varia...', '/storage/emulat...', 15)
#1 /storage/emulated/0/htdocs/workspace/trading-budify/backend/system/CodeIgniter.php(832): App\Controllers\Home->crypto()
#2 /storage/emulated/0/htdocs/workspace/trading-budify/backend/system/CodeIgniter.php(419): CodeIgniter\CodeIgniter->runController(Object(App\Controllers\Home))
#3 /storage/emulated/0/htdocs/workspace/trading-budify/backend/system/CodeIgniter.php(326): CodeIgniter\CodeIgniter->handleRequest(NULL, Object(Config\Cache), false)
#4 /storage/emulated/0/htdocs/workspace/trading-budify/backend/public/index.php(37): CodeIgniter\CodeIgniter->run()
#5 {main}
CRITICAL - 2022-05-24 03:50:30 --> Undefined variable $JsonParser
#0 /storage/emulated/0/htdocs/workspace/trading-budify/backend/app/Controllers/Home.php(15): CodeIgniter\Debug\Exceptions->errorHandler(2, 'Undefined varia...', '/storage/emulat...', 15)
#1 /storage/emulated/0/htdocs/workspace/trading-budify/backend/system/CodeIgniter.php(832): App\Controllers\Home->crypto()
#2 /storage/emulated/0/htdocs/workspace/trading-budify/backend/system/CodeIgniter.php(419): CodeIgniter\CodeIgniter->runController(Object(App\Controllers\Home))
#3 /storage/emulated/0/htdocs/workspace/trading-budify/backend/system/CodeIgniter.php(326): CodeIgniter\CodeIgniter->handleRequest(NULL, Object(Config\Cache), false)
#4 /storage/emulated/0/htdocs/workspace/trading-budify/backend/public/index.php(37): CodeIgniter\CodeIgniter->run()
#5 {main}
CRITICAL - 2022-05-24 03:56:23 --> include_once(./vendor/autoload.php): Failed to open stream: No such file or directory
#0 /storage/emulated/0/htdocs/workspace/trading-budify/backend/public/index.php(29): CodeIgniter\Debug\Exceptions->errorHandler(2, 'include_once(./...', '/storage/emulat...', 29)
#1 /storage/emulated/0/htdocs/workspace/trading-budify/backend/public/index.php(29): include_once()
#2 {main}
CRITICAL - 2022-05-24 03:56:57 --> Undefined variable $JsonParser
#0 /storage/emulated/0/htdocs/workspace/trading-budify/backend/app/Controllers/Home.php(15): CodeIgniter\Debug\Exceptions->errorHandler(2, 'Undefined varia...', '/storage/emulat...', 15)
#1 /storage/emulated/0/htdocs/workspace/trading-budify/backend/system/CodeIgniter.php(832): App\Controllers\Home->crypto()
#2 /storage/emulated/0/htdocs/workspace/trading-budify/backend/system/CodeIgniter.php(419): CodeIgniter\CodeIgniter->runController(Object(App\Controllers\Home))
#3 /storage/emulated/0/htdocs/workspace/trading-budify/backend/system/CodeIgniter.php(326): CodeIgniter\CodeIgniter->handleRequest(NULL, Object(Config\Cache), false)
#4 /storage/emulated/0/htdocs/workspace/trading-budify/backend/public/index.php(37): CodeIgniter\CodeIgniter->run()
#5 {main}
CRITICAL - 2022-05-24 07:24:07 --> Undefined variable $JsonParser
#0 /storage/emulated/0/htdocs/workspace/trading-budify/backend/app/Controllers/Home.php(15): CodeIgniter\Debug\Exceptions->errorHandler(2, 'Undefined varia...', '/storage/emulat...', 15)
#1 /storage/emulated/0/htdocs/workspace/trading-budify/backend/system/CodeIgniter.php(832): App\Controllers\Home->crypto()
#2 /storage/emulated/0/htdocs/workspace/trading-budify/backend/system/CodeIgniter.php(419): CodeIgniter\CodeIgniter->runController(Object(App\Controllers\Home))
#3 /storage/emulated/0/htdocs/workspace/trading-budify/backend/system/CodeIgniter.php(326): CodeIgniter\CodeIgniter->handleRequest(NULL, Object(Config\Cache), false)
#4 /storage/emulated/0/htdocs/workspace/trading-budify/backend/public/index.php(37): CodeIgniter\CodeIgniter->run()
#5 /storage/emulated/0/htdocs/workspace/trading-budify/backend/system/Commands/Server/rewrite.php(43): require_once('/storage/emulat...')
#6 {main}
