CRITICAL - 2022-05-23 11:30:28 --> Call to undefined function link_tag()
#0 /storage/emulated/0/htdocs/workspace/trading-budify/backend/system/View/View.php(210): include()
#1 /storage/emulated/0/htdocs/workspace/trading-budify/backend/system/View/View.php(213): CodeIgniter\View\View->CodeIgniter\View\{closure}()
#2 /storage/emulated/0/htdocs/workspace/trading-budify/backend/system/Common.php(1089): CodeIgniter\View\View->render('v_landpg', Array, true)
#3 /storage/emulated/0/htdocs/workspace/trading-budify/backend/app/Controllers/Home.php(9): view('v_landpg')
#4 /storage/emulated/0/htdocs/workspace/trading-budify/backend/system/CodeIgniter.php(832): App\Controllers\Home->index()
#5 /storage/emulated/0/htdocs/workspace/trading-budify/backend/system/CodeIgniter.php(419): CodeIgniter\CodeIgniter->runController(Object(App\Controllers\Home))
#6 /storage/emulated/0/htdocs/workspace/trading-budify/backend/system/CodeIgniter.php(326): CodeIgniter\CodeIgniter->handleRequest(NULL, Object(Config\Cache), false)
#7 /storage/emulated/0/htdocs/workspace/trading-budify/backend/public/index.php(37): CodeIgniter\CodeIgniter->run()
#8 {main}
CRITICAL - 2022-05-23 11:44:28 --> Undefined variable $assetsURL
#0 /storage/emulated/0/htdocs/workspace/trading-budify/backend/app/Views/v_landpg.php(25): CodeIgniter\Debug\Exceptions->errorHandler(2, 'Undefined varia...', '/storage/emulat...', 25)
#1 /storage/emulated/0/htdocs/workspace/trading-budify/backend/system/View/View.php(210): include('/storage/emulat...')
#2 /storage/emulated/0/htdocs/workspace/trading-budify/backend/system/View/View.php(213): CodeIgniter\View\View->CodeIgniter\View\{closure}()
#3 /storage/emulated/0/htdocs/workspace/trading-budify/backend/system/Common.php(1089): CodeIgniter\View\View->render('v_landpg', Array, true)
#4 /storage/emulated/0/htdocs/workspace/trading-budify/backend/app/Controllers/Home.php(9): view('v_landpg')
#5 /storage/emulated/0/htdocs/workspace/trading-budify/backend/system/CodeIgniter.php(832): App\Controllers\Home->index()
#6 /storage/emulated/0/htdocs/workspace/trading-budify/backend/system/CodeIgniter.php(419): CodeIgniter\CodeIgniter->runController(Object(App\Controllers\Home))
#7 /storage/emulated/0/htdocs/workspace/trading-budify/backend/system/CodeIgniter.php(326): CodeIgniter\CodeIgniter->handleRequest(NULL, Object(Config\Cache), false)
#8 /storage/emulated/0/htdocs/workspace/trading-budify/backend/public/index.php(37): CodeIgniter\CodeIgniter->run()
#9 {main}
CRITICAL - 2022-05-23 11:45:16 --> Undefined variable $assetsURL
#0 /storage/emulated/0/htdocs/workspace/trading-budify/backend/app/Views/v_landpg.php(25): CodeIgniter\Debug\Exceptions->errorHandler(2, 'Undefined varia...', '/storage/emulat...', 25)
#1 /storage/emulated/0/htdocs/workspace/trading-budify/backend/system/View/View.php(210): include('/storage/emulat...')
#2 /storage/emulated/0/htdocs/workspace/trading-budify/backend/system/View/View.php(213): CodeIgniter\View\View->CodeIgniter\View\{closure}()
#3 /storage/emulated/0/htdocs/workspace/trading-budify/backend/system/Common.php(1089): CodeIgniter\View\View->render('v_landpg', Array, true)
#4 /storage/emulated/0/htdocs/workspace/trading-budify/backend/app/Controllers/Home.php(9): view('v_landpg')
#5 /storage/emulated/0/htdocs/workspace/trading-budify/backend/system/CodeIgniter.php(832): App\Controllers\Home->index()
#6 /storage/emulated/0/htdocs/workspace/trading-budify/backend/system/CodeIgniter.php(419): CodeIgniter\CodeIgniter->runController(Object(App\Controllers\Home))
#7 /storage/emulated/0/htdocs/workspace/trading-budify/backend/system/CodeIgniter.php(326): CodeIgniter\CodeIgniter->handleRequest(NULL, Object(Config\Cache), false)
#8 /storage/emulated/0/htdocs/workspace/trading-budify/backend/public/index.php(37): CodeIgniter\CodeIgniter->run()
#9 {main}
CRITICAL - 2022-05-23 11:45:36 --> Undefined variable $assetsURL
#0 /storage/emulated/0/htdocs/workspace/trading-budify/backend/app/Views/v_landpg.php(25): CodeIgniter\Debug\Exceptions->errorHandler(2, 'Undefined varia...', '/storage/emulat...', 25)
#1 /storage/emulated/0/htdocs/workspace/trading-budify/backend/system/View/View.php(210): include('/storage/emulat...')
#2 /storage/emulated/0/htdocs/workspace/trading-budify/backend/system/View/View.php(213): CodeIgniter\View\View->CodeIgniter\View\{closure}()
#3 /storage/emulated/0/htdocs/workspace/trading-budify/backend/system/Common.php(1089): CodeIgniter\View\View->render('v_landpg', Array, true)
#4 /storage/emulated/0/htdocs/workspace/trading-budify/backend/app/Controllers/Home.php(9): view('v_landpg')
#5 /storage/emulated/0/htdocs/workspace/trading-budify/backend/system/CodeIgniter.php(832): App\Controllers\Home->index()
#6 /storage/emulated/0/htdocs/workspace/trading-budify/backend/system/CodeIgniter.php(419): CodeIgniter\CodeIgniter->runController(Object(App\Controllers\Home))
#7 /storage/emulated/0/htdocs/workspace/trading-budify/backend/system/CodeIgniter.php(326): CodeIgniter\CodeIgniter->handleRequest(NULL, Object(Config\Cache), false)
#8 /storage/emulated/0/htdocs/workspace/trading-budify/backend/public/index.php(37): CodeIgniter\CodeIgniter->run()
#9 {main}
CRITICAL - 2022-05-23 11:46:10 --> Undefined variable $assets_url
#0 /storage/emulated/0/htdocs/workspace/trading-budify/backend/app/Views/v_landpg.php(25): CodeIgniter\Debug\Exceptions->errorHandler(2, 'Undefined varia...', '/storage/emulat...', 25)
#1 /storage/emulated/0/htdocs/workspace/trading-budify/backend/system/View/View.php(210): include('/storage/emulat...')
#2 /storage/emulated/0/htdocs/workspace/trading-budify/backend/system/View/View.php(213): CodeIgniter\View\View->CodeIgniter\View\{closure}()
#3 /storage/emulated/0/htdocs/workspace/trading-budify/backend/system/Common.php(1089): CodeIgniter\View\View->render('v_landpg', Array, true)
#4 /storage/emulated/0/htdocs/workspace/trading-budify/backend/app/Controllers/Home.php(9): view('v_landpg')
#5 /storage/emulated/0/htdocs/workspace/trading-budify/backend/system/CodeIgniter.php(832): App\Controllers\Home->index()
#6 /storage/emulated/0/htdocs/workspace/trading-budify/backend/system/CodeIgniter.php(419): CodeIgniter\CodeIgniter->runController(Object(App\Controllers\Home))
#7 /storage/emulated/0/htdocs/workspace/trading-budify/backend/system/CodeIgniter.php(326): CodeIgniter\CodeIgniter->handleRequest(NULL, Object(Config\Cache), false)
#8 /storage/emulated/0/htdocs/workspace/trading-budify/backend/public/index.php(37): CodeIgniter\CodeIgniter->run()
#9 {main}
CRITICAL - 2022-05-23 11:46:12 --> Undefined variable $assets_url
#0 /storage/emulated/0/htdocs/workspace/trading-budify/backend/app/Views/v_landpg.php(25): CodeIgniter\Debug\Exceptions->errorHandler(2, 'Undefined varia...', '/storage/emulat...', 25)
#1 /storage/emulated/0/htdocs/workspace/trading-budify/backend/system/View/View.php(210): include('/storage/emulat...')
#2 /storage/emulated/0/htdocs/workspace/trading-budify/backend/system/View/View.php(213): CodeIgniter\View\View->CodeIgniter\View\{closure}()
#3 /storage/emulated/0/htdocs/workspace/trading-budify/backend/system/Common.php(1089): CodeIgniter\View\View->render('v_landpg', Array, true)
#4 /storage/emulated/0/htdocs/workspace/trading-budify/backend/app/Controllers/Home.php(9): view('v_landpg')
#5 /storage/emulated/0/htdocs/workspace/trading-budify/backend/system/CodeIgniter.php(832): App\Controllers\Home->index()
#6 /storage/emulated/0/htdocs/workspace/trading-budify/backend/system/CodeIgniter.php(419): CodeIgniter\CodeIgniter->runController(Object(App\Controllers\Home))
#7 /storage/emulated/0/htdocs/workspace/trading-budify/backend/system/CodeIgniter.php(326): CodeIgniter\CodeIgniter->handleRequest(NULL, Object(Config\Cache), false)
#8 /storage/emulated/0/htdocs/workspace/trading-budify/backend/public/index.php(37): CodeIgniter\CodeIgniter->run()
#9 {main}
CRITICAL - 2022-05-23 11:46:32 --> Call to undefined function config_item()
#0 /storage/emulated/0/htdocs/workspace/trading-budify/backend/system/View/View.php(210): include()
#1 /storage/emulated/0/htdocs/workspace/trading-budify/backend/system/View/View.php(213): CodeIgniter\View\View->CodeIgniter\View\{closure}()
#2 /storage/emulated/0/htdocs/workspace/trading-budify/backend/system/Common.php(1089): CodeIgniter\View\View->render('v_landpg', Array, true)
#3 /storage/emulated/0/htdocs/workspace/trading-budify/backend/app/Controllers/Home.php(9): view('v_landpg')
#4 /storage/emulated/0/htdocs/workspace/trading-budify/backend/system/CodeIgniter.php(832): App\Controllers\Home->index()
#5 /storage/emulated/0/htdocs/workspace/trading-budify/backend/system/CodeIgniter.php(419): CodeIgniter\CodeIgniter->runController(Object(App\Controllers\Home))
#6 /storage/emulated/0/htdocs/workspace/trading-budify/backend/system/CodeIgniter.php(326): CodeIgniter\CodeIgniter->handleRequest(NULL, Object(Config\Cache), false)
#7 /storage/emulated/0/htdocs/workspace/trading-budify/backend/public/index.php(37): CodeIgniter\CodeIgniter->run()
#8 {main}
CRITICAL - 2022-05-23 12:08:09 --> CodeIgniter\Router\RouteCollection::get(): Argument #3 ($options) must be of type ?array, string given, called in /storage/emulated/0/htdocs/workspace/trading-budify/backend/app/Config/Routes.php on line 34
#0 /storage/emulated/0/htdocs/workspace/trading-budify/backend/app/Config/Routes.php(34): CodeIgniter\Router\RouteCollection->get('/', 'Home::index', 'Home::crypto')
#1 /storage/emulated/0/htdocs/workspace/trading-budify/backend/system/CodeIgniter.php(713): require('/storage/emulat...')
#2 /storage/emulated/0/htdocs/workspace/trading-budify/backend/system/CodeIgniter.php(368): CodeIgniter\CodeIgniter->tryToRouteIt(Object(CodeIgniter\Router\RouteCollection))
#3 /storage/emulated/0/htdocs/workspace/trading-budify/backend/system/CodeIgniter.php(326): CodeIgniter\CodeIgniter->handleRequest(NULL, Object(Config\Cache), false)
#4 /storage/emulated/0/htdocs/workspace/trading-budify/backend/public/index.php(37): CodeIgniter\CodeIgniter->run()
#5 {main}
CRITICAL - 2022-05-23 12:08:12 --> CodeIgniter\Router\RouteCollection::get(): Argument #3 ($options) must be of type ?array, string given, called in /storage/emulated/0/htdocs/workspace/trading-budify/backend/app/Config/Routes.php on line 34
#0 /storage/emulated/0/htdocs/workspace/trading-budify/backend/app/Config/Routes.php(34): CodeIgniter\Router\RouteCollection->get('/', 'Home::index', 'Home::crypto')
#1 /storage/emulated/0/htdocs/workspace/trading-budify/backend/system/CodeIgniter.php(713): require('/storage/emulat...')
#2 /storage/emulated/0/htdocs/workspace/trading-budify/backend/system/CodeIgniter.php(368): CodeIgniter\CodeIgniter->tryToRouteIt(Object(CodeIgniter\Router\RouteCollection))
#3 /storage/emulated/0/htdocs/workspace/trading-budify/backend/system/CodeIgniter.php(326): CodeIgniter\CodeIgniter->handleRequest(NULL, Object(Config\Cache), false)
#4 /storage/emulated/0/htdocs/workspace/trading-budify/backend/public/index.php(37): CodeIgniter\CodeIgniter->run()
#5 {main}
